{"C:\\Users\\johnl\\Documents\\Avella-Ecommerce\\api\\middleware\\validation.js": {"path":"C:\\Users\\johnl\\Documents\\Avella-Ecommerce\\api\\middleware\\validation.js","statementMap":{"0":{"start":{"line":4,"column":14},"end":{"line":4,"column":28}},"1":{"start":{"line":7,"column":16},"end":{"line":100,"column":1}},"2":{"start":{"line":13,"column":26},"end":{"line":13,"column":55}},"3":{"start":{"line":27,"column":26},"end":{"line":27,"column":60}},"4":{"start":{"line":108,"column":4},"end":{"line":145,"column":6}},"5":{"start":{"line":109,"column":23},"end":{"line":109,"column":42}},"6":{"start":{"line":111,"column":8},"end":{"line":116,"column":9}},"7":{"start":{"line":112,"column":12},"end":{"line":115,"column":15}},"8":{"start":{"line":118,"column":8},"end":{"line":144,"column":9}},"9":{"start":{"line":120,"column":30},"end":{"line":124,"column":14}},"10":{"start":{"line":127,"column":12},"end":{"line":127,"column":50}},"11":{"start":{"line":128,"column":12},"end":{"line":128,"column":53}},"12":{"start":{"line":129,"column":12},"end":{"line":129,"column":56}},"13":{"start":{"line":131,"column":12},"end":{"line":131,"column":19}},"14":{"start":{"line":133,"column":12},"end":{"line":142,"column":13}},"15":{"start":{"line":134,"column":16},"end":{"line":141,"column":19}},"16":{"start":{"line":137,"column":62},"end":{"line":140,"column":21}},"17":{"start":{"line":143,"column":12},"end":{"line":143,"column":24}},"18":{"start":{"line":148,"column":0},"end":{"line":148,"column":39}}},"fnMap":{"0":{"name":"(anonymous_0)","decl":{"start":{"line":13,"column":18},"end":{"line":13,"column":19}},"loc":{"start":{"line":13,"column":26},"end":{"line":13,"column":55}},"line":13},"1":{"name":"(anonymous_1)","decl":{"start":{"line":27,"column":18},"end":{"line":27,"column":19}},"loc":{"start":{"line":27,"column":26},"end":{"line":27,"column":60}},"line":27},"2":{"name":"validate","decl":{"start":{"line":107,"column":9},"end":{"line":107,"column":17}},"loc":{"start":{"line":107,"column":30},"end":{"line":146,"column":1}},"line":107},"3":{"name":"(anonymous_3)","decl":{"start":{"line":108,"column":11},"end":{"line":108,"column":12}},"loc":{"start":{"line":108,"column":31},"end":{"line":145,"column":5}},"line":108},"4":{"name":"(anonymous_4)","decl":{"start":{"line":137,"column":54},"end":{"line":137,"column":55}},"loc":{"start":{"line":137,"column":62},"end":{"line":140,"column":21}},"line":137}},"branchMap":{"0":{"loc":{"start":{"line":13,"column":26},"end":{"line":13,"column":55}},"type":"binary-expr","locations":[{"start":{"line":13,"column":26},"end":{"line":13,"column":37}},{"start":{"line":13,"column":41},"end":{"line":13,"column":55}}],"line":13},"1":{"loc":{"start":{"line":27,"column":26},"end":{"line":27,"column":60}},"type":"binary-expr","locations":[{"start":{"line":27,"column":26},"end":{"line":27,"column":42}},{"start":{"line":27,"column":46},"end":{"line":27,"column":60}}],"line":27},"2":{"loc":{"start":{"line":111,"column":8},"end":{"line":116,"column":9}},"type":"if","locations":[{"start":{"line":111,"column":8},"end":{"line":116,"column":9}},{"start":{},"end":{}}],"line":111},"3":{"loc":{"start":{"line":127,"column":23},"end":{"line":127,"column":49}},"type":"binary-expr","locations":[{"start":{"line":127,"column":23},"end":{"line":127,"column":37}},{"start":{"line":127,"column":41},"end":{"line":127,"column":49}}],"line":127},"4":{"loc":{"start":{"line":128,"column":24},"end":{"line":128,"column":52}},"type":"binary-expr","locations":[{"start":{"line":128,"column":24},"end":{"line":128,"column":39}},{"start":{"line":128,"column":43},"end":{"line":128,"column":52}}],"line":128},"5":{"loc":{"start":{"line":129,"column":25},"end":{"line":129,"column":55}},"type":"binary-expr","locations":[{"start":{"line":129,"column":25},"end":{"line":129,"column":41}},{"start":{"line":129,"column":45},"end":{"line":129,"column":55}}],"line":129},"6":{"loc":{"start":{"line":133,"column":12},"end":{"line":142,"column":13}},"type":"if","locations":[{"start":{"line":133,"column":12},"end":{"line":142,"column":13}},{"start":{},"end":{}}],"line":133},"7":{"loc":{"start":{"line":137,"column":30},"end":{"line":137,"column":48}},"type":"binary-expr","locations":[{"start":{"line":137,"column":30},"end":{"line":137,"column":42}},{"start":{"line":137,"column":46},"end":{"line":137,"column":48}}],"line":137},"8":{"loc":{"start":{"line":138,"column":31},"end":{"line":138,"column":45}},"type":"binary-expr","locations":[{"start":{"line":138,"column":31},"end":{"line":138,"column":39}},{"start":{"line":138,"column":43},"end":{"line":138,"column":45}}],"line":138}},"s":{"0":1,"1":1,"2":3,"3":7,"4":19,"5":18,"6":18,"7":1,"8":17,"9":17,"10":9,"11":9,"12":9,"13":9,"14":8,"15":8,"16":0,"17":0,"18":1},"f":{"0":3,"1":7,"2":19,"3":18,"4":0},"b":{"0":[3,2],"1":[7,2],"2":[1,17],"3":[9,0],"4":[9,9],"5":[9,4],"6":[8,0],"7":[8,8],"8":[0,0]},"_coverageSchema":"1a1c01bbd47fc00a2c39e90264f33305004495a9","hash":"0a37945dfde969521455ca0f4d6a3c451e53c2b4"}
,"C:\\Users\\johnl\\Documents\\Avella-Ecommerce\\api\\routes\\auth.js": {"path":"C:\\Users\\johnl\\Documents\\Avella-Ecommerce\\api\\routes\\auth.js","statementMap":{"0":{"start":{"line":5,"column":16},"end":{"line":5,"column":34}},"1":{"start":{"line":6,"column":15},"end":{"line":6,"column":31}},"2":{"start":{"line":7,"column":15},"end":{"line":7,"column":32}},"3":{"start":{"line":8,"column":12},"end":{"line":8,"column":35}},"4":{"start":{"line":9,"column":35},"end":{"line":9,"column":63}},"5":{"start":{"line":10,"column":11},"end":{"line":10,"column":40}},"6":{"start":{"line":12,"column":22},"end":{"line":12,"column":24}},"7":{"start":{"line":13,"column":19},"end":{"line":13,"column":23}},"8":{"start":{"line":16,"column":0},"end":{"line":85,"column":2}},"9":{"start":{"line":25,"column":8},"end":{"line":83,"column":9}},"10":{"start":{"line":27,"column":27},"end":{"line":27,"column":48}},"11":{"start":{"line":28,"column":12},"end":{"line":33,"column":13}},"12":{"start":{"line":29,"column":16},"end":{"line":32,"column":19}},"13":{"start":{"line":35,"column":61},"end":{"line":35,"column":69}},"14":{"start":{"line":38,"column":34},"end":{"line":38,"column":72}},"15":{"start":{"line":39,"column":29},"end":{"line":39,"column":67}},"16":{"start":{"line":41,"column":12},"end":{"line":46,"column":13}},"17":{"start":{"line":42,"column":16},"end":{"line":45,"column":19}},"18":{"start":{"line":49,"column":33},"end":{"line":49,"column":75}},"19":{"start":{"line":52,"column":32},"end":{"line":56,"column":7}},"20":{"start":{"line":57,"column":27},"end":{"line":63,"column":14}},"21":{"start":{"line":65,"column":25},"end":{"line":65,"column":39}},"22":{"start":{"line":68,"column":26},"end":{"line":72,"column":13}},"23":{"start":{"line":74,"column":12},"end":{"line":80,"column":15}},"24":{"start":{"line":82,"column":12},"end":{"line":82,"column":24}},"25":{"start":{"line":88,"column":0},"end":{"line":151,"column":2}},"26":{"start":{"line":95,"column":8},"end":{"line":149,"column":9}},"27":{"start":{"line":97,"column":27},"end":{"line":97,"column":48}},"28":{"start":{"line":98,"column":12},"end":{"line":103,"column":13}},"29":{"start":{"line":99,"column":16},"end":{"line":102,"column":19}},"30":{"start":{"line":105,"column":40},"end":{"line":105,"column":48}},"31":{"start":{"line":108,"column":30},"end":{"line":108,"column":68}},"32":{"start":{"line":109,"column":31},"end":{"line":109,"column":65}},"33":{"start":{"line":111,"column":12},"end":{"line":116,"column":13}},"34":{"start":{"line":112,"column":16},"end":{"line":115,"column":19}},"35":{"start":{"line":118,"column":25},"end":{"line":118,"column":43}},"36":{"start":{"line":121,"column":28},"end":{"line":121,"column":78}},"37":{"start":{"line":123,"column":12},"end":{"line":128,"column":13}},"38":{"start":{"line":124,"column":16},"end":{"line":127,"column":19}},"39":{"start":{"line":131,"column":26},"end":{"line":135,"column":13}},"40":{"start":{"line":138,"column":12},"end":{"line":138,"column":38}},"41":{"start":{"line":140,"column":12},"end":{"line":146,"column":15}},"42":{"start":{"line":148,"column":12},"end":{"line":148,"column":24}},"43":{"start":{"line":153,"column":0},"end":{"line":153,"column":24}}},"fnMap":{"0":{"name":"(anonymous_0)","decl":{"start":{"line":24,"column":4},"end":{"line":24,"column":5}},"loc":{"start":{"line":24,"column":30},"end":{"line":84,"column":5}},"line":24},"1":{"name":"(anonymous_1)","decl":{"start":{"line":94,"column":4},"end":{"line":94,"column":5}},"loc":{"start":{"line":94,"column":30},"end":{"line":150,"column":5}},"line":94}},"branchMap":{"0":{"loc":{"start":{"line":28,"column":12},"end":{"line":33,"column":13}},"type":"if","locations":[{"start":{"line":28,"column":12},"end":{"line":33,"column":13}},{"start":{},"end":{}}],"line":28},"1":{"loc":{"start":{"line":41,"column":12},"end":{"line":46,"column":13}},"type":"if","locations":[{"start":{"line":41,"column":12},"end":{"line":46,"column":13}},{"start":{},"end":{}}],"line":41},"2":{"loc":{"start":{"line":98,"column":12},"end":{"line":103,"column":13}},"type":"if","locations":[{"start":{"line":98,"column":12},"end":{"line":103,"column":13}},{"start":{},"end":{}}],"line":98},"3":{"loc":{"start":{"line":111,"column":12},"end":{"line":116,"column":13}},"type":"if","locations":[{"start":{"line":111,"column":12},"end":{"line":116,"column":13}},{"start":{},"end":{}}],"line":111},"4":{"loc":{"start":{"line":123,"column":12},"end":{"line":128,"column":13}},"type":"if","locations":[{"start":{"line":123,"column":12},"end":{"line":128,"column":13}},{"start":{},"end":{}}],"line":123}},"s":{"0":0,"1":0,"2":0,"3":0,"4":0,"5":0,"6":0,"7":0,"8":0,"9":0,"10":0,"11":0,"12":0,"13":0,"14":0,"15":0,"16":0,"17":0,"18":0,"19":0,"20":0,"21":0,"22":0,"23":0,"24":0,"25":0,"26":0,"27":0,"28":0,"29":0,"30":0,"31":0,"32":0,"33":0,"34":0,"35":0,"36":0,"37":0,"38":0,"39":0,"40":0,"41":0,"42":0,"43":0},"f":{"0":0,"1":0},"b":{"0":[0,0],"1":[0,0],"2":[0,0],"3":[0,0],"4":[0,0]}}
,"C:\\Users\\johnl\\Documents\\Avella-Ecommerce\\api\\routes\\cart.js": {"path":"C:\\Users\\johnl\\Documents\\Avella-Ecommerce\\api\\routes\\cart.js","statementMap":{"0":{"start":{"line":10,"column":16},"end":{"line":10,"column":34}},"1":{"start":{"line":11,"column":15},"end":{"line":11,"column":31}},"2":{"start":{"line":12,"column":21},"end":{"line":12,"column":56}},"3":{"start":{"line":13,"column":20},"end":{"line":13,"column":54}},"4":{"start":{"line":16,"column":0},"end":{"line":24,"column":3}},"5":{"start":{"line":17,"column":4},"end":{"line":23,"column":5}},"6":{"start":{"line":18,"column":38},"end":{"line":18,"column":46}},"7":{"start":{"line":19,"column":21},"end":{"line":19,"column":68}},"8":{"start":{"line":20,"column":8},"end":{"line":20,"column":45}},"9":{"start":{"line":22,"column":8},"end":{"line":22,"column":20}},"10":{"start":{"line":27,"column":0},"end":{"line":35,"column":3}},"11":{"start":{"line":28,"column":4},"end":{"line":34,"column":5}},"12":{"start":{"line":29,"column":26},"end":{"line":29,"column":36}},"13":{"start":{"line":30,"column":21},"end":{"line":30,"column":60}},"14":{"start":{"line":31,"column":8},"end":{"line":31,"column":33}},"15":{"start":{"line":33,"column":8},"end":{"line":33,"column":20}},"16":{"start":{"line":38,"column":0},"end":{"line":53,"column":3}},"17":{"start":{"line":39,"column":4},"end":{"line":52,"column":5}},"18":{"start":{"line":40,"column":26},"end":{"line":40,"column":36}},"19":{"start":{"line":41,"column":53},"end":{"line":41,"column":61}},"20":{"start":{"line":43,"column":21},"end":{"line":47,"column":10}},"21":{"start":{"line":49,"column":8},"end":{"line":49,"column":45}},"22":{"start":{"line":51,"column":8},"end":{"line":51,"column":20}},"23":{"start":{"line":56,"column":0},"end":{"line":66,"column":3}},"24":{"start":{"line":57,"column":4},"end":{"line":65,"column":5}},"25":{"start":{"line":58,"column":34},"end":{"line":58,"column":44}},"26":{"start":{"line":59,"column":29},"end":{"line":59,"column":37}},"27":{"start":{"line":61,"column":21},"end":{"line":61,"column":88}},"28":{"start":{"line":62,"column":8},"end":{"line":62,"column":33}},"29":{"start":{"line":64,"column":8},"end":{"line":64,"column":20}},"30":{"start":{"line":69,"column":0},"end":{"line":77,"column":3}},"31":{"start":{"line":70,"column":4},"end":{"line":76,"column":5}},"32":{"start":{"line":71,"column":34},"end":{"line":71,"column":44}},"33":{"start":{"line":72,"column":21},"end":{"line":72,"column":78}},"34":{"start":{"line":73,"column":8},"end":{"line":73,"column":33}},"35":{"start":{"line":75,"column":8},"end":{"line":75,"column":20}},"36":{"start":{"line":80,"column":0},"end":{"line":88,"column":3}},"37":{"start":{"line":81,"column":4},"end":{"line":87,"column":5}},"38":{"start":{"line":82,"column":26},"end":{"line":82,"column":36}},"39":{"start":{"line":83,"column":21},"end":{"line":83,"column":55}},"40":{"start":{"line":84,"column":8},"end":{"line":84,"column":33}},"41":{"start":{"line":86,"column":8},"end":{"line":86,"column":20}},"42":{"start":{"line":91,"column":0},"end":{"line":114,"column":3}},"43":{"start":{"line":92,"column":4},"end":{"line":113,"column":5}},"44":{"start":{"line":93,"column":43},"end":{"line":93,"column":51}},"45":{"start":{"line":96,"column":30},"end":{"line":96,"column":79}},"46":{"start":{"line":97,"column":19},"end":{"line":97,"column":48}},"47":{"start":{"line":98,"column":31},"end":{"line":98,"column":70}},"48":{"start":{"line":101,"column":8},"end":{"line":107,"column":9}},"49":{"start":{"line":103,"column":28},"end":{"line":103,"column":70}},"50":{"start":{"line":104,"column":12},"end":{"line":104,"column":47}},"51":{"start":{"line":106,"column":12},"end":{"line":106,"column":62}},"52":{"start":{"line":109,"column":21},"end":{"line":109,"column":80}},"53":{"start":{"line":110,"column":8},"end":{"line":110,"column":33}},"54":{"start":{"line":112,"column":8},"end":{"line":112,"column":20}},"55":{"start":{"line":117,"column":0},"end":{"line":125,"column":3}},"56":{"start":{"line":118,"column":4},"end":{"line":123,"column":5}},"57":{"start":{"line":119,"column":8},"end":{"line":122,"column":11}},"58":{"start":{"line":124,"column":4},"end":{"line":124,"column":16}},"59":{"start":{"line":127,"column":0},"end":{"line":127,"column":24}}},"fnMap":{"0":{"name":"(anonymous_0)","decl":{"start":{"line":16,"column":41},"end":{"line":16,"column":42}},"loc":{"start":{"line":16,"column":67},"end":{"line":24,"column":1}},"line":16},"1":{"name":"(anonymous_1)","decl":{"start":{"line":27,"column":22},"end":{"line":27,"column":23}},"loc":{"start":{"line":27,"column":48},"end":{"line":35,"column":1}},"line":27},"2":{"name":"(anonymous_2)","decl":{"start":{"line":38,"column":52},"end":{"line":38,"column":53}},"loc":{"start":{"line":38,"column":78},"end":{"line":53,"column":1}},"line":38},"3":{"name":"(anonymous_3)","decl":{"start":{"line":56,"column":64},"end":{"line":56,"column":65}},"loc":{"start":{"line":56,"column":90},"end":{"line":66,"column":1}},"line":56},"4":{"name":"(anonymous_4)","decl":{"start":{"line":69,"column":67},"end":{"line":69,"column":68}},"loc":{"start":{"line":69,"column":93},"end":{"line":77,"column":1}},"line":69},"5":{"name":"(anonymous_5)","decl":{"start":{"line":80,"column":25},"end":{"line":80,"column":26}},"loc":{"start":{"line":80,"column":51},"end":{"line":88,"column":1}},"line":80},"6":{"name":"(anonymous_6)","decl":{"start":{"line":91,"column":45},"end":{"line":91,"column":46}},"loc":{"start":{"line":91,"column":71},"end":{"line":114,"column":1}},"line":91},"7":{"name":"(anonymous_7)","decl":{"start":{"line":117,"column":11},"end":{"line":117,"column":12}},"loc":{"start":{"line":117,"column":38},"end":{"line":125,"column":1}},"line":117}},"branchMap":{"0":{"loc":{"start":{"line":101,"column":8},"end":{"line":107,"column":9}},"type":"if","locations":[{"start":{"line":101,"column":8},"end":{"line":107,"column":9}},{"start":{"line":105,"column":15},"end":{"line":107,"column":9}}],"line":101},"1":{"loc":{"start":{"line":118,"column":4},"end":{"line":123,"column":5}},"type":"if","locations":[{"start":{"line":118,"column":4},"end":{"line":123,"column":5}},{"start":{},"end":{}}],"line":118},"2":{"loc":{"start":{"line":120,"column":19},"end":{"line":120,"column":73}},"type":"cond-expr","locations":[{"start":{"line":120,"column":46},"end":{"line":120,"column":57}},{"start":{"line":120,"column":60},"end":{"line":120,"column":73}}],"line":120}},"s":{"0":0,"1":0,"2":0,"3":0,"4":0,"5":0,"6":0,"7":0,"8":0,"9":0,"10":0,"11":0,"12":0,"13":0,"14":0,"15":0,"16":0,"17":0,"18":0,"19":0,"20":0,"21":0,"22":0,"23":0,"24":0,"25":0,"26":0,"27":0,"28":0,"29":0,"30":0,"31":0,"32":0,"33":0,"34":0,"35":0,"36":0,"37":0,"38":0,"39":0,"40":0,"41":0,"42":0,"43":0,"44":0,"45":0,"46":0,"47":0,"48":0,"49":0,"50":0,"51":0,"52":0,"53":0,"54":0,"55":0,"56":0,"57":0,"58":0,"59":0},"f":{"0":0,"1":0,"2":0,"3":0,"4":0,"5":0,"6":0,"7":0},"b":{"0":[0,0],"1":[0,0],"2":[0,0]}}
,"C:\\Users\\johnl\\Documents\\Avella-Ecommerce\\api\\routes\\categories.js": {"path":"C:\\Users\\johnl\\Documents\\Avella-Ecommerce\\api\\routes\\categories.js","statementMap":{"0":{"start":{"line":5,"column":16},"end":{"line":5,"column":34}},"1":{"start":{"line":6,"column":15},"end":{"line":6,"column":31}},"2":{"start":{"line":7,"column":11},"end":{"line":7,"column":40}},"3":{"start":{"line":10,"column":0},"end":{"line":28,"column":3}},"4":{"start":{"line":11,"column":4},"end":{"line":27,"column":5}},"5":{"start":{"line":12,"column":22},"end":{"line":20,"column":5}},"6":{"start":{"line":22,"column":23},"end":{"line":22,"column":44}},"7":{"start":{"line":24,"column":8},"end":{"line":24,"column":40}},"8":{"start":{"line":26,"column":8},"end":{"line":26,"column":20}},"9":{"start":{"line":31,"column":0},"end":{"line":89,"column":3}},"10":{"start":{"line":32,"column":4},"end":{"line":88,"column":5}},"11":{"start":{"line":33,"column":25},"end":{"line":33,"column":35}},"12":{"start":{"line":34,"column":43},"end":{"line":34,"column":52}},"13":{"start":{"line":37,"column":30},"end":{"line":39,"column":5}},"14":{"start":{"line":40,"column":31},"end":{"line":40,"column":68}},"15":{"start":{"line":42,"column":8},"end":{"line":47,"column":9}},"16":{"start":{"line":43,"column":12},"end":{"line":46,"column":15}},"17":{"start":{"line":49,"column":25},"end":{"line":49,"column":47}},"18":{"start":{"line":52,"column":30},"end":{"line":57,"column":5}},"19":{"start":{"line":58,"column":31},"end":{"line":62,"column":10}},"20":{"start":{"line":65,"column":27},"end":{"line":69,"column":5}},"21":{"start":{"line":70,"column":28},"end":{"line":70,"column":69}},"22":{"start":{"line":71,"column":22},"end":{"line":71,"column":57}},"23":{"start":{"line":73,"column":8},"end":{"line":85,"column":11}},"24":{"start":{"line":87,"column":8},"end":{"line":87,"column":20}},"25":{"start":{"line":91,"column":0},"end":{"line":91,"column":24}}},"fnMap":{"0":{"name":"(anonymous_0)","decl":{"start":{"line":10,"column":16},"end":{"line":10,"column":17}},"loc":{"start":{"line":10,"column":42},"end":{"line":28,"column":1}},"line":10},"1":{"name":"(anonymous_1)","decl":{"start":{"line":31,"column":21},"end":{"line":31,"column":22}},"loc":{"start":{"line":31,"column":47},"end":{"line":89,"column":1}},"line":31}},"branchMap":{"0":{"loc":{"start":{"line":34,"column":16},"end":{"line":34,"column":26}},"type":"default-arg","locations":[{"start":{"line":34,"column":24},"end":{"line":34,"column":26}}],"line":34},"1":{"loc":{"start":{"line":34,"column":28},"end":{"line":34,"column":38}},"type":"default-arg","locations":[{"start":{"line":34,"column":37},"end":{"line":34,"column":38}}],"line":34},"2":{"loc":{"start":{"line":42,"column":8},"end":{"line":47,"column":9}},"type":"if","locations":[{"start":{"line":42,"column":8},"end":{"line":47,"column":9}},{"start":{},"end":{}}],"line":42}},"s":{"0":0,"1":0,"2":0,"3":0,"4":0,"5":0,"6":0,"7":0,"8":0,"9":0,"10":0,"11":0,"12":0,"13":0,"14":0,"15":0,"16":0,"17":0,"18":0,"19":0,"20":0,"21":0,"22":0,"23":0,"24":0,"25":0},"f":{"0":0,"1":0},"b":{"0":[0],"1":[0],"2":[0,0]}}
,"C:\\Users\\johnl\\Documents\\Avella-Ecommerce\\api\\routes\\orders.js": {"path":"C:\\Users\\johnl\\Documents\\Avella-Ecommerce\\api\\routes\\orders.js","statementMap":{"0":{"start":{"line":5,"column":16},"end":{"line":5,"column":34}},"1":{"start":{"line":6,"column":15},"end":{"line":6,"column":31}},"2":{"start":{"line":7,"column":11},"end":{"line":7,"column":40}},"3":{"start":{"line":10,"column":0},"end":{"line":149,"column":3}},"4":{"start":{"line":11,"column":19},"end":{"line":11,"column":39}},"5":{"start":{"line":13,"column":4},"end":{"line":148,"column":5}},"6":{"start":{"line":19,"column":12},"end":{"line":19,"column":20}},"7":{"start":{"line":21,"column":8},"end":{"line":26,"column":9}},"8":{"start":{"line":22,"column":12},"end":{"line":25,"column":15}},"9":{"start":{"line":28,"column":8},"end":{"line":28,"column":36}},"10":{"start":{"line":31,"column":26},"end":{"line":31,"column":70}},"11":{"start":{"line":32,"column":27},"end":{"line":32,"column":69}},"12":{"start":{"line":34,"column":8},"end":{"line":40,"column":9}},"13":{"start":{"line":35,"column":12},"end":{"line":35,"column":43}},"14":{"start":{"line":36,"column":12},"end":{"line":39,"column":15}},"15":{"start":{"line":42,"column":23},"end":{"line":42,"column":44}},"16":{"start":{"line":45,"column":31},"end":{"line":54,"column":5}},"17":{"start":{"line":55,"column":26},"end":{"line":55,"column":70}},"18":{"start":{"line":57,"column":8},"end":{"line":63,"column":9}},"19":{"start":{"line":58,"column":12},"end":{"line":58,"column":43}},"20":{"start":{"line":59,"column":12},"end":{"line":62,"column":15}},"21":{"start":{"line":66,"column":8},"end":{"line":74,"column":9}},"22":{"start":{"line":67,"column":12},"end":{"line":73,"column":13}},"23":{"start":{"line":68,"column":16},"end":{"line":68,"column":47}},"24":{"start":{"line":69,"column":16},"end":{"line":72,"column":19}},"25":{"start":{"line":77,"column":25},"end":{"line":80,"column":9}},"26":{"start":{"line":78,"column":27},"end":{"line":78,"column":71}},"27":{"start":{"line":81,"column":20},"end":{"line":81,"column":34}},"28":{"start":{"line":82,"column":25},"end":{"line":82,"column":26}},"29":{"start":{"line":83,"column":22},"end":{"line":83,"column":47}},"30":{"start":{"line":86,"column":33},"end":{"line":93,"column":5}},"31":{"start":{"line":94,"column":28},"end":{"line":103,"column":10}},"32":{"start":{"line":105,"column":22},"end":{"line":105,"column":41}},"33":{"start":{"line":108,"column":8},"end":{"line":134,"column":9}},"34":{"start":{"line":110,"column":35},"end":{"line":116,"column":7}},"35":{"start":{"line":117,"column":12},"end":{"line":125,"column":15}},"36":{"start":{"line":128,"column":37},"end":{"line":132,"column":7}},"37":{"start":{"line":133,"column":12},"end":{"line":133,"column":83}},"38":{"start":{"line":137,"column":31},"end":{"line":137,"column":74}},"39":{"start":{"line":138,"column":8},"end":{"line":138,"column":53}},"40":{"start":{"line":140,"column":8},"end":{"line":140,"column":37}},"41":{"start":{"line":142,"column":8},"end":{"line":142,"column":46}},"42":{"start":{"line":144,"column":8},"end":{"line":144,"column":39}},"43":{"start":{"line":145,"column":8},"end":{"line":145,"column":20}},"44":{"start":{"line":147,"column":8},"end":{"line":147,"column":25}},"45":{"start":{"line":152,"column":0},"end":{"line":185,"column":3}},"46":{"start":{"line":153,"column":4},"end":{"line":184,"column":5}},"47":{"start":{"line":154,"column":32},"end":{"line":154,"column":42}},"48":{"start":{"line":157,"column":27},"end":{"line":157,"column":73}},"49":{"start":{"line":158,"column":28},"end":{"line":158,"column":69}},"50":{"start":{"line":160,"column":8},"end":{"line":165,"column":9}},"51":{"start":{"line":161,"column":12},"end":{"line":164,"column":15}},"52":{"start":{"line":167,"column":22},"end":{"line":167,"column":41}},"53":{"start":{"line":170,"column":27},"end":{"line":173,"column":5}},"54":{"start":{"line":174,"column":28},"end":{"line":174,"column":66}},"55":{"start":{"line":176,"column":8},"end":{"line":181,"column":11}},"56":{"start":{"line":183,"column":8},"end":{"line":183,"column":20}},"57":{"start":{"line":188,"column":0},"end":{"line":212,"column":3}},"58":{"start":{"line":189,"column":4},"end":{"line":211,"column":5}},"59":{"start":{"line":190,"column":27},"end":{"line":190,"column":36}},"60":{"start":{"line":192,"column":8},"end":{"line":197,"column":9}},"61":{"start":{"line":193,"column":12},"end":{"line":196,"column":15}},"62":{"start":{"line":199,"column":22},"end":{"line":203,"column":9}},"63":{"start":{"line":204,"column":23},"end":{"line":204,"column":54}},"64":{"start":{"line":206,"column":8},"end":{"line":208,"column":11}},"65":{"start":{"line":210,"column":8},"end":{"line":210,"column":20}},"66":{"start":{"line":214,"column":0},"end":{"line":214,"column":24}}},"fnMap":{"0":{"name":"(anonymous_0)","decl":{"start":{"line":10,"column":17},"end":{"line":10,"column":18}},"loc":{"start":{"line":10,"column":43},"end":{"line":149,"column":1}},"line":10},"1":{"name":"(anonymous_1)","decl":{"start":{"line":78,"column":12},"end":{"line":78,"column":13}},"loc":{"start":{"line":78,"column":27},"end":{"line":78,"column":71}},"line":78},"2":{"name":"(anonymous_2)","decl":{"start":{"line":152,"column":28},"end":{"line":152,"column":29}},"loc":{"start":{"line":152,"column":54},"end":{"line":185,"column":1}},"line":152},"3":{"name":"(anonymous_3)","decl":{"start":{"line":188,"column":16},"end":{"line":188,"column":17}},"loc":{"start":{"line":188,"column":42},"end":{"line":212,"column":1}},"line":188}},"branchMap":{"0":{"loc":{"start":{"line":21,"column":8},"end":{"line":26,"column":9}},"type":"if","locations":[{"start":{"line":21,"column":8},"end":{"line":26,"column":9}},{"start":{},"end":{}}],"line":21},"1":{"loc":{"start":{"line":21,"column":12},"end":{"line":21,"column":42}},"type":"binary-expr","locations":[{"start":{"line":21,"column":12},"end":{"line":21,"column":22}},{"start":{"line":21,"column":26},"end":{"line":21,"column":42}}],"line":21},"2":{"loc":{"start":{"line":34,"column":8},"end":{"line":40,"column":9}},"type":"if","locations":[{"start":{"line":34,"column":8},"end":{"line":40,"column":9}},{"start":{},"end":{}}],"line":34},"3":{"loc":{"start":{"line":57,"column":8},"end":{"line":63,"column":9}},"type":"if","locations":[{"start":{"line":57,"column":8},"end":{"line":63,"column":9}},{"start":{},"end":{}}],"line":57},"4":{"loc":{"start":{"line":67,"column":12},"end":{"line":73,"column":13}},"type":"if","locations":[{"start":{"line":67,"column":12},"end":{"line":73,"column":13}},{"start":{},"end":{}}],"line":67},"5":{"loc":{"start":{"line":95,"column":12},"end":{"line":95,"column":26}},"type":"binary-expr","locations":[{"start":{"line":95,"column":12},"end":{"line":95,"column":18}},{"start":{"line":95,"column":22},"end":{"line":95,"column":26}}],"line":95},"6":{"loc":{"start":{"line":102,"column":12},"end":{"line":102,"column":66}},"type":"cond-expr","locations":[{"start":{"line":102,"column":29},"end":{"line":102,"column":59}},{"start":{"line":102,"column":62},"end":{"line":102,"column":66}}],"line":102},"7":{"loc":{"start":{"line":160,"column":8},"end":{"line":165,"column":9}},"type":"if","locations":[{"start":{"line":160,"column":8},"end":{"line":165,"column":9}},{"start":{},"end":{}}],"line":160},"8":{"loc":{"start":{"line":192,"column":8},"end":{"line":197,"column":9}},"type":"if","locations":[{"start":{"line":192,"column":8},"end":{"line":197,"column":9}},{"start":{},"end":{}}],"line":192}},"s":{"0":0,"1":0,"2":0,"3":0,"4":0,"5":0,"6":0,"7":0,"8":0,"9":0,"10":0,"11":0,"12":0,"13":0,"14":0,"15":0,"16":0,"17":0,"18":0,"19":0,"20":0,"21":0,"22":0,"23":0,"24":0,"25":0,"26":0,"27":0,"28":0,"29":0,"30":0,"31":0,"32":0,"33":0,"34":0,"35":0,"36":0,"37":0,"38":0,"39":0,"40":0,"41":0,"42":0,"43":0,"44":0,"45":0,"46":0,"47":0,"48":0,"49":0,"50":0,"51":0,"52":0,"53":0,"54":0,"55":0,"56":0,"57":0,"58":0,"59":0,"60":0,"61":0,"62":0,"63":0,"64":0,"65":0,"66":0},"f":{"0":0,"1":0,"2":0,"3":0},"b":{"0":[0,0],"1":[0,0],"2":[0,0],"3":[0,0],"4":[0,0],"5":[0,0],"6":[0,0],"7":[0,0],"8":[0,0]}}
,"C:\\Users\\johnl\\Documents\\Avella-Ecommerce\\api\\routes\\products.js": {"path":"C:\\Users\\johnl\\Documents\\Avella-Ecommerce\\api\\routes\\products.js","statementMap":{"0":{"start":{"line":5,"column":16},"end":{"line":5,"column":34}},"1":{"start":{"line":6,"column":15},"end":{"line":6,"column":31}},"2":{"start":{"line":7,"column":11},"end":{"line":7,"column":40}},"3":{"start":{"line":11,"column":0},"end":{"line":128,"column":3}},"4":{"start":{"line":12,"column":4},"end":{"line":127,"column":5}},"5":{"start":{"line":20,"column":12},"end":{"line":20,"column":21}},"6":{"start":{"line":22,"column":20},"end":{"line":30,"column":5}},"7":{"start":{"line":32,"column":23},"end":{"line":32,"column":25}},"8":{"start":{"line":33,"column":25},"end":{"line":33,"column":26}},"9":{"start":{"line":36,"column":8},"end":{"line":40,"column":9}},"10":{"start":{"line":37,"column":12},"end":{"line":37,"column":52}},"11":{"start":{"line":38,"column":12},"end":{"line":38,"column":34}},"12":{"start":{"line":39,"column":12},"end":{"line":39,"column":25}},"13":{"start":{"line":43,"column":8},"end":{"line":47,"column":9}},"14":{"start":{"line":44,"column":12},"end":{"line":44,"column":54}},"15":{"start":{"line":45,"column":12},"end":{"line":45,"column":46}},"16":{"start":{"line":46,"column":12},"end":{"line":46,"column":25}},"17":{"start":{"line":49,"column":8},"end":{"line":53,"column":9}},"18":{"start":{"line":50,"column":12},"end":{"line":50,"column":54}},"19":{"start":{"line":51,"column":12},"end":{"line":51,"column":46}},"20":{"start":{"line":52,"column":12},"end":{"line":52,"column":25}},"21":{"start":{"line":56,"column":8},"end":{"line":64,"column":9}},"22":{"start":{"line":57,"column":12},"end":{"line":61,"column":9}},"23":{"start":{"line":62,"column":12},"end":{"line":62,"column":39}},"24":{"start":{"line":63,"column":12},"end":{"line":63,"column":25}},"25":{"start":{"line":67,"column":8},"end":{"line":67,"column":47}},"26":{"start":{"line":70,"column":8},"end":{"line":70,"column":67}},"27":{"start":{"line":71,"column":8},"end":{"line":71,"column":55}},"28":{"start":{"line":73,"column":23},"end":{"line":73,"column":52}},"29":{"start":{"line":76,"column":25},"end":{"line":81,"column":5}},"30":{"start":{"line":83,"column":28},"end":{"line":83,"column":30}},"31":{"start":{"line":84,"column":30},"end":{"line":84,"column":31}},"32":{"start":{"line":86,"column":8},"end":{"line":90,"column":9}},"33":{"start":{"line":87,"column":12},"end":{"line":87,"column":62}},"34":{"start":{"line":88,"column":12},"end":{"line":88,"column":39}},"35":{"start":{"line":89,"column":12},"end":{"line":89,"column":30}},"36":{"start":{"line":92,"column":8},"end":{"line":96,"column":9}},"37":{"start":{"line":93,"column":12},"end":{"line":93,"column":64}},"38":{"start":{"line":94,"column":12},"end":{"line":94,"column":51}},"39":{"start":{"line":95,"column":12},"end":{"line":95,"column":30}},"40":{"start":{"line":98,"column":8},"end":{"line":102,"column":9}},"41":{"start":{"line":99,"column":12},"end":{"line":99,"column":64}},"42":{"start":{"line":100,"column":12},"end":{"line":100,"column":51}},"43":{"start":{"line":101,"column":12},"end":{"line":101,"column":30}},"44":{"start":{"line":104,"column":8},"end":{"line":111,"column":9}},"45":{"start":{"line":105,"column":12},"end":{"line":109,"column":9}},"46":{"start":{"line":110,"column":12},"end":{"line":110,"column":44}},"47":{"start":{"line":113,"column":28},"end":{"line":113,"column":67}},"48":{"start":{"line":114,"column":22},"end":{"line":114,"column":57}},"49":{"start":{"line":116,"column":8},"end":{"line":124,"column":11}},"50":{"start":{"line":126,"column":8},"end":{"line":126,"column":20}},"51":{"start":{"line":131,"column":0},"end":{"line":158,"column":3}},"52":{"start":{"line":132,"column":4},"end":{"line":157,"column":5}},"53":{"start":{"line":133,"column":25},"end":{"line":133,"column":35}},"54":{"start":{"line":135,"column":22},"end":{"line":143,"column":5}},"55":{"start":{"line":145,"column":23},"end":{"line":145,"column":52}},"56":{"start":{"line":147,"column":8},"end":{"line":152,"column":9}},"57":{"start":{"line":148,"column":12},"end":{"line":151,"column":15}},"58":{"start":{"line":154,"column":8},"end":{"line":154,"column":43}},"59":{"start":{"line":156,"column":8},"end":{"line":156,"column":20}},"60":{"start":{"line":160,"column":0},"end":{"line":160,"column":24}}},"fnMap":{"0":{"name":"(anonymous_0)","decl":{"start":{"line":11,"column":16},"end":{"line":11,"column":17}},"loc":{"start":{"line":11,"column":42},"end":{"line":128,"column":1}},"line":11},"1":{"name":"(anonymous_1)","decl":{"start":{"line":131,"column":21},"end":{"line":131,"column":22}},"loc":{"start":{"line":131,"column":47},"end":{"line":158,"column":1}},"line":131}},"branchMap":{"0":{"loc":{"start":{"line":18,"column":12},"end":{"line":18,"column":22}},"type":"default-arg","locations":[{"start":{"line":18,"column":20},"end":{"line":18,"column":22}}],"line":18},"1":{"loc":{"start":{"line":19,"column":12},"end":{"line":19,"column":22}},"type":"default-arg","locations":[{"start":{"line":19,"column":21},"end":{"line":19,"column":22}}],"line":19},"2":{"loc":{"start":{"line":36,"column":8},"end":{"line":40,"column":9}},"type":"if","locations":[{"start":{"line":36,"column":8},"end":{"line":40,"column":9}},{"start":{},"end":{}}],"line":36},"3":{"loc":{"start":{"line":43,"column":8},"end":{"line":47,"column":9}},"type":"if","locations":[{"start":{"line":43,"column":8},"end":{"line":47,"column":9}},{"start":{},"end":{}}],"line":43},"4":{"loc":{"start":{"line":49,"column":8},"end":{"line":53,"column":9}},"type":"if","locations":[{"start":{"line":49,"column":8},"end":{"line":53,"column":9}},{"start":{},"end":{}}],"line":49},"5":{"loc":{"start":{"line":56,"column":8},"end":{"line":64,"column":9}},"type":"if","locations":[{"start":{"line":56,"column":8},"end":{"line":64,"column":9}},{"start":{},"end":{}}],"line":56},"6":{"loc":{"start":{"line":86,"column":8},"end":{"line":90,"column":9}},"type":"if","locations":[{"start":{"line":86,"column":8},"end":{"line":90,"column":9}},{"start":{},"end":{}}],"line":86},"7":{"loc":{"start":{"line":92,"column":8},"end":{"line":96,"column":9}},"type":"if","locations":[{"start":{"line":92,"column":8},"end":{"line":96,"column":9}},{"start":{},"end":{}}],"line":92},"8":{"loc":{"start":{"line":98,"column":8},"end":{"line":102,"column":9}},"type":"if","locations":[{"start":{"line":98,"column":8},"end":{"line":102,"column":9}},{"start":{},"end":{}}],"line":98},"9":{"loc":{"start":{"line":104,"column":8},"end":{"line":111,"column":9}},"type":"if","locations":[{"start":{"line":104,"column":8},"end":{"line":111,"column":9}},{"start":{},"end":{}}],"line":104},"10":{"loc":{"start":{"line":147,"column":8},"end":{"line":152,"column":9}},"type":"if","locations":[{"start":{"line":147,"column":8},"end":{"line":152,"column":9}},{"start":{},"end":{}}],"line":147}},"s":{"0":0,"1":0,"2":0,"3":0,"4":0,"5":0,"6":0,"7":0,"8":0,"9":0,"10":0,"11":0,"12":0,"13":0,"14":0,"15":0,"16":0,"17":0,"18":0,"19":0,"20":0,"21":0,"22":0,"23":0,"24":0,"25":0,"26":0,"27":0,"28":0,"29":0,"30":0,"31":0,"32":0,"33":0,"34":0,"35":0,"36":0,"37":0,"38":0,"39":0,"40":0,"41":0,"42":0,"43":0,"44":0,"45":0,"46":0,"47":0,"48":0,"49":0,"50":0,"51":0,"52":0,"53":0,"54":0,"55":0,"56":0,"57":0,"58":0,"59":0,"60":0},"f":{"0":0,"1":0},"b":{"0":[0],"1":[0],"2":[0,0],"3":[0,0],"4":[0,0],"5":[0,0],"6":[0,0],"7":[0,0],"8":[0,0],"9":[0,0],"10":[0,0]}}
,"C:\\Users\\johnl\\Documents\\Avella-Ecommerce\\api\\services\\CartService.js": {"path":"C:\\Users\\johnl\\Documents\\Avella-Ecommerce\\api\\services\\CartService.js","statementMap":{"0":{"start":{"line":4,"column":11},"end":{"line":4,"column":40}},"1":{"start":{"line":5,"column":32},"end":{"line":5,"column":59}},"2":{"start":{"line":15,"column":22},"end":{"line":19,"column":9}},"3":{"start":{"line":20,"column":23},"end":{"line":20,"column":65}},"4":{"start":{"line":21,"column":21},"end":{"line":21,"column":35}},"5":{"start":{"line":22,"column":8},"end":{"line":22,"column":47}},"6":{"start":{"line":32,"column":26},"end":{"line":32,"column":70}},"7":{"start":{"line":33,"column":27},"end":{"line":33,"column":61}},"8":{"start":{"line":35,"column":8},"end":{"line":39,"column":9}},"9":{"start":{"line":36,"column":26},"end":{"line":36,"column":53}},"10":{"start":{"line":37,"column":12},"end":{"line":37,"column":35}},"11":{"start":{"line":38,"column":12},"end":{"line":38,"column":24}},"12":{"start":{"line":41,"column":23},"end":{"line":41,"column":44}},"13":{"start":{"line":42,"column":8},"end":{"line":42,"column":46}},"14":{"start":{"line":51,"column":26},"end":{"line":51,"column":61}},"15":{"start":{"line":52,"column":27},"end":{"line":52,"column":62}},"16":{"start":{"line":54,"column":8},"end":{"line":58,"column":9}},"17":{"start":{"line":55,"column":26},"end":{"line":55,"column":53}},"18":{"start":{"line":56,"column":12},"end":{"line":56,"column":35}},"19":{"start":{"line":57,"column":12},"end":{"line":57,"column":24}},"20":{"start":{"line":60,"column":21},"end":{"line":60,"column":39}},"21":{"start":{"line":63,"column":27},"end":{"line":78,"column":9}},"22":{"start":{"line":79,"column":28},"end":{"line":79,"column":64}},"23":{"start":{"line":82,"column":23},"end":{"line":82,"column":56}},"24":{"start":{"line":84,"column":8},"end":{"line":88,"column":10}},"25":{"start":{"line":99,"column":26},"end":{"line":99,"column":70}},"26":{"start":{"line":100,"column":27},"end":{"line":100,"column":61}},"27":{"start":{"line":102,"column":8},"end":{"line":106,"column":9}},"28":{"start":{"line":103,"column":26},"end":{"line":103,"column":53}},"29":{"start":{"line":104,"column":12},"end":{"line":104,"column":35}},"30":{"start":{"line":105,"column":12},"end":{"line":105,"column":24}},"31":{"start":{"line":108,"column":23},"end":{"line":108,"column":44}},"32":{"start":{"line":112,"column":8},"end":{"line":122,"column":9}},"33":{"start":{"line":113,"column":12},"end":{"line":113,"column":89}},"34":{"start":{"line":114,"column":12},"end":{"line":114,"column":39}},"35":{"start":{"line":115,"column":15},"end":{"line":122,"column":9}},"36":{"start":{"line":116,"column":12},"end":{"line":116,"column":87}},"37":{"start":{"line":117,"column":12},"end":{"line":117,"column":37}},"38":{"start":{"line":119,"column":26},"end":{"line":119,"column":75}},"39":{"start":{"line":120,"column":12},"end":{"line":120,"column":35}},"40":{"start":{"line":121,"column":12},"end":{"line":121,"column":24}},"41":{"start":{"line":124,"column":30},"end":{"line":124,"column":74}},"42":{"start":{"line":126,"column":8},"end":{"line":130,"column":9}},"43":{"start":{"line":127,"column":26},"end":{"line":127,"column":56}},"44":{"start":{"line":128,"column":12},"end":{"line":128,"column":35}},"45":{"start":{"line":129,"column":12},"end":{"line":129,"column":24}},"46":{"start":{"line":132,"column":24},"end":{"line":132,"column":45}},"47":{"start":{"line":135,"column":8},"end":{"line":139,"column":9}},"48":{"start":{"line":136,"column":26},"end":{"line":136,"column":85}},"49":{"start":{"line":137,"column":12},"end":{"line":137,"column":35}},"50":{"start":{"line":138,"column":12},"end":{"line":138,"column":24}},"51":{"start":{"line":142,"column":30},"end":{"line":145,"column":9}},"52":{"start":{"line":146,"column":31},"end":{"line":146,"column":82}},"53":{"start":{"line":148,"column":8},"end":{"line":166,"column":9}},"54":{"start":{"line":150,"column":32},"end":{"line":150,"column":74}},"55":{"start":{"line":151,"column":32},"end":{"line":156,"column":13}},"56":{"start":{"line":157,"column":12},"end":{"line":157,"column":75}},"57":{"start":{"line":160,"column":32},"end":{"line":164,"column":13}},"58":{"start":{"line":165,"column":12},"end":{"line":165,"column":87}},"59":{"start":{"line":168,"column":8},"end":{"line":168,"column":46}},"60":{"start":{"line":179,"column":26},"end":{"line":179,"column":70}},"61":{"start":{"line":180,"column":27},"end":{"line":180,"column":61}},"62":{"start":{"line":182,"column":8},"end":{"line":186,"column":9}},"63":{"start":{"line":183,"column":26},"end":{"line":183,"column":53}},"64":{"start":{"line":184,"column":12},"end":{"line":184,"column":35}},"65":{"start":{"line":185,"column":12},"end":{"line":185,"column":24}},"66":{"start":{"line":188,"column":23},"end":{"line":188,"column":44}},"67":{"start":{"line":191,"column":26},"end":{"line":196,"column":9}},"68":{"start":{"line":197,"column":27},"end":{"line":197,"column":70}},"69":{"start":{"line":199,"column":8},"end":{"line":203,"column":9}},"70":{"start":{"line":200,"column":26},"end":{"line":200,"column":58}},"71":{"start":{"line":201,"column":12},"end":{"line":201,"column":35}},"72":{"start":{"line":202,"column":12},"end":{"line":202,"column":24}},"73":{"start":{"line":205,"column":21},"end":{"line":205,"column":39}},"74":{"start":{"line":208,"column":8},"end":{"line":212,"column":9}},"75":{"start":{"line":209,"column":26},"end":{"line":209,"column":82}},"76":{"start":{"line":210,"column":12},"end":{"line":210,"column":35}},"77":{"start":{"line":211,"column":12},"end":{"line":211,"column":24}},"78":{"start":{"line":215,"column":28},"end":{"line":220,"column":9}},"79":{"start":{"line":221,"column":8},"end":{"line":221,"column":56}},"80":{"start":{"line":223,"column":8},"end":{"line":223,"column":46}},"81":{"start":{"line":233,"column":26},"end":{"line":233,"column":70}},"82":{"start":{"line":234,"column":27},"end":{"line":234,"column":61}},"83":{"start":{"line":236,"column":8},"end":{"line":240,"column":9}},"84":{"start":{"line":237,"column":26},"end":{"line":237,"column":53}},"85":{"start":{"line":238,"column":12},"end":{"line":238,"column":35}},"86":{"start":{"line":239,"column":12},"end":{"line":239,"column":24}},"87":{"start":{"line":242,"column":23},"end":{"line":242,"column":44}},"88":{"start":{"line":245,"column":28},"end":{"line":249,"column":9}},"89":{"start":{"line":250,"column":23},"end":{"line":250,"column":68}},"90":{"start":{"line":252,"column":8},"end":{"line":256,"column":9}},"91":{"start":{"line":253,"column":26},"end":{"line":253,"column":58}},"92":{"start":{"line":254,"column":12},"end":{"line":254,"column":35}},"93":{"start":{"line":255,"column":12},"end":{"line":255,"column":24}},"94":{"start":{"line":258,"column":8},"end":{"line":258,"column":46}},"95":{"start":{"line":267,"column":26},"end":{"line":267,"column":70}},"96":{"start":{"line":268,"column":27},"end":{"line":268,"column":61}},"97":{"start":{"line":270,"column":8},"end":{"line":274,"column":9}},"98":{"start":{"line":271,"column":26},"end":{"line":271,"column":53}},"99":{"start":{"line":272,"column":12},"end":{"line":272,"column":35}},"100":{"start":{"line":273,"column":12},"end":{"line":273,"column":24}},"101":{"start":{"line":276,"column":23},"end":{"line":276,"column":44}},"102":{"start":{"line":278,"column":28},"end":{"line":278,"column":71}},"103":{"start":{"line":279,"column":8},"end":{"line":279,"column":46}},"104":{"start":{"line":281,"column":8},"end":{"line":281,"column":46}},"105":{"start":{"line":292,"column":26},"end":{"line":292,"column":67}},"106":{"start":{"line":293,"column":25},"end":{"line":293,"column":65}},"107":{"start":{"line":296,"column":8},"end":{"line":328,"column":9}},"108":{"start":{"line":297,"column":34},"end":{"line":300,"column":13}},"109":{"start":{"line":301,"column":35},"end":{"line":304,"column":14}},"110":{"start":{"line":306,"column":12},"end":{"line":327,"column":13}},"111":{"start":{"line":308,"column":36},"end":{"line":308,"column":83}},"112":{"start":{"line":309,"column":36},"end":{"line":313,"column":17}},"113":{"start":{"line":314,"column":16},"end":{"line":314,"column":89}},"114":{"start":{"line":317,"column":36},"end":{"line":320,"column":17}},"115":{"start":{"line":321,"column":16},"end":{"line":326,"column":19}},"116":{"start":{"line":331,"column":28},"end":{"line":331,"column":69}},"117":{"start":{"line":332,"column":8},"end":{"line":332,"column":54}},"118":{"start":{"line":334,"column":8},"end":{"line":334,"column":51}},"119":{"start":{"line":338,"column":0},"end":{"line":338,"column":35}}},"fnMap":{"0":{"name":"(anonymous_0)","decl":{"start":{"line":14,"column":4},"end":{"line":14,"column":5}},"loc":{"start":{"line":14,"column":54},"end":{"line":23,"column":5}},"line":14},"1":{"name":"(anonymous_1)","decl":{"start":{"line":31,"column":4},"end":{"line":31,"column":5}},"loc":{"start":{"line":31,"column":32},"end":{"line":43,"column":5}},"line":31},"2":{"name":"(anonymous_2)","decl":{"start":{"line":50,"column":4},"end":{"line":50,"column":5}},"loc":{"start":{"line":50,"column":30},"end":{"line":89,"column":5}},"line":50},"3":{"name":"(anonymous_3)","decl":{"start":{"line":97,"column":4},"end":{"line":97,"column":5}},"loc":{"start":{"line":97,"column":73},"end":{"line":169,"column":5}},"line":97},"4":{"name":"(anonymous_4)","decl":{"start":{"line":178,"column":4},"end":{"line":178,"column":5}},"loc":{"start":{"line":178,"column":50},"end":{"line":224,"column":5}},"line":178},"5":{"name":"(anonymous_5)","decl":{"start":{"line":232,"column":4},"end":{"line":232,"column":5}},"loc":{"start":{"line":232,"column":40},"end":{"line":259,"column":5}},"line":232},"6":{"name":"(anonymous_6)","decl":{"start":{"line":266,"column":4},"end":{"line":266,"column":5}},"loc":{"start":{"line":266,"column":27},"end":{"line":282,"column":5}},"line":266},"7":{"name":"(anonymous_7)","decl":{"start":{"line":290,"column":4},"end":{"line":290,"column":5}},"loc":{"start":{"line":290,"column":52},"end":{"line":335,"column":5}},"line":290}},"branchMap":{"0":{"loc":{"start":{"line":14,"column":21},"end":{"line":14,"column":34}},"type":"default-arg","locations":[{"start":{"line":14,"column":30},"end":{"line":14,"column":34}}],"line":14},"1":{"loc":{"start":{"line":14,"column":36},"end":{"line":14,"column":52}},"type":"default-arg","locations":[{"start":{"line":14,"column":48},"end":{"line":14,"column":52}}],"line":14},"2":{"loc":{"start":{"line":35,"column":8},"end":{"line":39,"column":9}},"type":"if","locations":[{"start":{"line":35,"column":8},"end":{"line":39,"column":9}},{"start":{},"end":{}}],"line":35},"3":{"loc":{"start":{"line":54,"column":8},"end":{"line":58,"column":9}},"type":"if","locations":[{"start":{"line":54,"column":8},"end":{"line":58,"column":9}},{"start":{},"end":{}}],"line":54},"4":{"loc":{"start":{"line":97,"column":57},"end":{"line":97,"column":69}},"type":"default-arg","locations":[{"start":{"line":97,"column":68},"end":{"line":97,"column":69}}],"line":97},"5":{"loc":{"start":{"line":102,"column":8},"end":{"line":106,"column":9}},"type":"if","locations":[{"start":{"line":102,"column":8},"end":{"line":106,"column":9}},{"start":{},"end":{}}],"line":102},"6":{"loc":{"start":{"line":112,"column":8},"end":{"line":122,"column":9}},"type":"if","locations":[{"start":{"line":112,"column":8},"end":{"line":122,"column":9}},{"start":{"line":115,"column":15},"end":{"line":122,"column":9}}],"line":112},"7":{"loc":{"start":{"line":115,"column":15},"end":{"line":122,"column":9}},"type":"if","locations":[{"start":{"line":115,"column":15},"end":{"line":122,"column":9}},{"start":{"line":118,"column":15},"end":{"line":122,"column":9}}],"line":115},"8":{"loc":{"start":{"line":126,"column":8},"end":{"line":130,"column":9}},"type":"if","locations":[{"start":{"line":126,"column":8},"end":{"line":130,"column":9}},{"start":{},"end":{}}],"line":126},"9":{"loc":{"start":{"line":135,"column":8},"end":{"line":139,"column":9}},"type":"if","locations":[{"start":{"line":135,"column":8},"end":{"line":139,"column":9}},{"start":{},"end":{}}],"line":135},"10":{"loc":{"start":{"line":148,"column":8},"end":{"line":166,"column":9}},"type":"if","locations":[{"start":{"line":148,"column":8},"end":{"line":166,"column":9}},{"start":{"line":158,"column":15},"end":{"line":166,"column":9}}],"line":148},"11":{"loc":{"start":{"line":182,"column":8},"end":{"line":186,"column":9}},"type":"if","locations":[{"start":{"line":182,"column":8},"end":{"line":186,"column":9}},{"start":{},"end":{}}],"line":182},"12":{"loc":{"start":{"line":199,"column":8},"end":{"line":203,"column":9}},"type":"if","locations":[{"start":{"line":199,"column":8},"end":{"line":203,"column":9}},{"start":{},"end":{}}],"line":199},"13":{"loc":{"start":{"line":208,"column":8},"end":{"line":212,"column":9}},"type":"if","locations":[{"start":{"line":208,"column":8},"end":{"line":212,"column":9}},{"start":{},"end":{}}],"line":208},"14":{"loc":{"start":{"line":236,"column":8},"end":{"line":240,"column":9}},"type":"if","locations":[{"start":{"line":236,"column":8},"end":{"line":240,"column":9}},{"start":{},"end":{}}],"line":236},"15":{"loc":{"start":{"line":252,"column":8},"end":{"line":256,"column":9}},"type":"if","locations":[{"start":{"line":252,"column":8},"end":{"line":256,"column":9}},{"start":{},"end":{}}],"line":252},"16":{"loc":{"start":{"line":270,"column":8},"end":{"line":274,"column":9}},"type":"if","locations":[{"start":{"line":270,"column":8},"end":{"line":274,"column":9}},{"start":{},"end":{}}],"line":270},"17":{"loc":{"start":{"line":306,"column":12},"end":{"line":327,"column":13}},"type":"if","locations":[{"start":{"line":306,"column":12},"end":{"line":327,"column":13}},{"start":{"line":315,"column":19},"end":{"line":327,"column":13}}],"line":306}},"s":{"0":1,"1":1,"2":2,"3":2,"4":2,"5":2,"6":5,"7":5,"8":5,"9":2,"10":2,"11":2,"12":3,"13":3,"14":11,"15":11,"16":11,"17":0,"18":0,"19":0,"20":11,"21":11,"22":11,"23":11,"24":11,"25":4,"26":4,"27":4,"28":0,"29":0,"30":0,"31":4,"32":4,"33":2,"34":2,"35":2,"36":2,"37":2,"38":0,"39":0,"40":0,"41":4,"42":4,"43":1,"44":1,"45":1,"46":3,"47":3,"48":1,"49":1,"50":1,"51":2,"52":2,"53":2,"54":1,"55":1,"56":1,"57":1,"58":1,"59":2,"60":3,"61":3,"62":3,"63":0,"64":0,"65":0,"66":3,"67":3,"68":3,"69":3,"70":1,"71":1,"72":1,"73":2,"74":2,"75":1,"76":1,"77":1,"78":1,"79":1,"80":1,"81":2,"82":2,"83":2,"84":0,"85":0,"86":0,"87":2,"88":2,"89":2,"90":2,"91":1,"92":1,"93":1,"94":1,"95":1,"96":1,"97":1,"98":0,"99":0,"100":0,"101":1,"102":1,"103":1,"104":1,"105":1,"106":1,"107":1,"108":1,"109":1,"110":1,"111":0,"112":0,"113":0,"114":1,"115":1,"116":1,"117":1,"118":1,"119":1},"f":{"0":2,"1":5,"2":11,"3":4,"4":3,"5":2,"6":1,"7":1},"b":{"0":[0],"1":[0],"2":[2,3],"3":[0,11],"4":[1],"5":[0,4],"6":[2,2],"7":[2,0],"8":[1,3],"9":[1,2],"10":[1,1],"11":[0,3],"12":[1,2],"13":[1,1],"14":[0,2],"15":[1,1],"16":[0,1],"17":[0,1]},"_coverageSchema":"1a1c01bbd47fc00a2c39e90264f33305004495a9","hash":"cb484470d6888f18d35e69f138afb0975912e097"}
,"C:\\Users\\johnl\\Documents\\Avella-Ecommerce\\api\\services\\cartCalculator.js": {"path":"C:\\Users\\johnl\\Documents\\Avella-Ecommerce\\api\\services\\cartCalculator.js","statementMap":{"0":{"start":{"line":5,"column":11},"end":{"line":5,"column":40}},"1":{"start":{"line":8,"column":17},"end":{"line":8,"column":58}},"2":{"start":{"line":16,"column":18},"end":{"line":21,"column":5}},"3":{"start":{"line":23,"column":19},"end":{"line":23,"column":50}},"4":{"start":{"line":24,"column":21},"end":{"line":24,"column":61}},"5":{"start":{"line":25,"column":16},"end":{"line":25,"column":35}},"6":{"start":{"line":26,"column":18},"end":{"line":26,"column":32}},"7":{"start":{"line":28,"column":4},"end":{"line":28,"column":36}},"8":{"start":{"line":37,"column":21},"end":{"line":39,"column":9}},"9":{"start":{"line":38,"column":8},"end":{"line":38,"column":62}},"10":{"start":{"line":41,"column":16},"end":{"line":41,"column":35}},"11":{"start":{"line":42,"column":18},"end":{"line":42,"column":32}},"12":{"start":{"line":44,"column":4},"end":{"line":44,"column":36}},"13":{"start":{"line":54,"column":4},"end":{"line":54,"column":33}},"14":{"start":{"line":57,"column":0},"end":{"line":62,"column":2}}},"fnMap":{"0":{"name":"calculateCartTotals","decl":{"start":{"line":15,"column":15},"end":{"line":15,"column":34}},"loc":{"start":{"line":15,"column":43},"end":{"line":29,"column":1}},"line":15},"1":{"name":"calculateItemsTotals","decl":{"start":{"line":36,"column":9},"end":{"line":36,"column":29}},"loc":{"start":{"line":36,"column":37},"end":{"line":45,"column":1}},"line":36},"2":{"name":"(anonymous_2)","decl":{"start":{"line":37,"column":34},"end":{"line":37,"column":35}},"loc":{"start":{"line":37,"column":49},"end":{"line":39,"column":5}},"line":37},"3":{"name":"calculateShipping","decl":{"start":{"line":52,"column":9},"end":{"line":52,"column":26}},"loc":{"start":{"line":52,"column":34},"end":{"line":55,"column":1}},"line":52}},"branchMap":{"0":{"loc":{"start":{"line":8,"column":28},"end":{"line":8,"column":57}},"type":"binary-expr","locations":[{"start":{"line":8,"column":28},"end":{"line":8,"column":48}},{"start":{"line":8,"column":52},"end":{"line":8,"column":57}}],"line":8},"1":{"loc":{"start":{"line":24,"column":32},"end":{"line":24,"column":60}},"type":"binary-expr","locations":[{"start":{"line":24,"column":32},"end":{"line":24,"column":55}},{"start":{"line":24,"column":59},"end":{"line":24,"column":60}}],"line":24},"2":{"loc":{"start":{"line":54,"column":11},"end":{"line":54,"column":32}},"type":"cond-expr","locations":[{"start":{"line":54,"column":26},"end":{"line":54,"column":27}},{"start":{"line":54,"column":30},"end":{"line":54,"column":32}}],"line":54}},"s":{"0":2,"1":2,"2":4,"3":4,"4":4,"5":4,"6":4,"7":4,"8":3,"9":4,"10":3,"11":3,"12":3,"13":7,"14":2},"f":{"0":4,"1":3,"2":4,"3":7},"b":{"0":[2,0],"1":[4,1],"2":[4,3]},"_coverageSchema":"1a1c01bbd47fc00a2c39e90264f33305004495a9","hash":"4dd01593ec2dde6a88627932b2600c3897e1131a"}
}
