TN:
SF:middleware\validation.js
FN:13,(anonymous_0)
FN:27,(anonymous_1)
FN:107,validate
FN:108,(anonymous_3)
FN:137,(anonymous_4)
FNF:5
FNH:4
FNDA:3,(anonymous_0)
FNDA:7,(anonymous_1)
FNDA:19,validate
FNDA:18,(anonymous_3)
FNDA:0,(anonymous_4)
DA:4,1
DA:7,1
DA:13,3
DA:27,7
DA:108,19
DA:109,18
DA:111,18
DA:112,1
DA:118,17
DA:120,17
DA:127,9
DA:128,9
DA:129,9
DA:131,9
DA:133,8
DA:134,8
DA:137,0
DA:143,0
DA:148,1
LF:19
LH:17
BRDA:13,0,0,3
BRDA:13,0,1,2
BRDA:27,1,0,7
BRDA:27,1,1,2
BRDA:111,2,0,1
BRDA:111,2,1,17
BRDA:127,3,0,9
BRDA:127,3,1,0
BRDA:128,4,0,9
BRDA:128,4,1,9
BRDA:129,5,0,9
BRDA:129,5,1,4
BRDA:133,6,0,8
BRDA:133,6,1,0
BRDA:137,7,0,8
BRDA:137,7,1,8
BRDA:138,8,0,0
BRDA:138,8,1,0
BRF:18
BRH:14
end_of_record
TN:
SF:routes\auth.js
FN:24,(anonymous_0)
FN:94,(anonymous_1)
FNF:2
FNH:0
FNDA:0,(anonymous_0)
FNDA:0,(anonymous_1)
DA:5,0
DA:6,0
DA:7,0
DA:8,0
DA:9,0
DA:10,0
DA:12,0
DA:13,0
DA:16,0
DA:25,0
DA:27,0
DA:28,0
DA:29,0
DA:35,0
DA:38,0
DA:39,0
DA:41,0
DA:42,0
DA:49,0
DA:52,0
DA:57,0
DA:65,0
DA:68,0
DA:74,0
DA:82,0
DA:88,0
DA:95,0
DA:97,0
DA:98,0
DA:99,0
DA:105,0
DA:108,0
DA:109,0
DA:111,0
DA:112,0
DA:118,0
DA:121,0
DA:123,0
DA:124,0
DA:131,0
DA:138,0
DA:140,0
DA:148,0
DA:153,0
LF:44
LH:0
BRDA:28,0,0,0
BRDA:28,0,1,0
BRDA:41,1,0,0
BRDA:41,1,1,0
BRDA:98,2,0,0
BRDA:98,2,1,0
BRDA:111,3,0,0
BRDA:111,3,1,0
BRDA:123,4,0,0
BRDA:123,4,1,0
BRF:10
BRH:0
end_of_record
TN:
SF:routes\cart.js
FN:16,(anonymous_0)
FN:27,(anonymous_1)
FN:38,(anonymous_2)
FN:56,(anonymous_3)
FN:69,(anonymous_4)
FN:80,(anonymous_5)
FN:91,(anonymous_6)
FN:117,(anonymous_7)
FNF:8
FNH:0
FNDA:0,(anonymous_0)
FNDA:0,(anonymous_1)
FNDA:0,(anonymous_2)
FNDA:0,(anonymous_3)
FNDA:0,(anonymous_4)
FNDA:0,(anonymous_5)
FNDA:0,(anonymous_6)
FNDA:0,(anonymous_7)
DA:10,0
DA:11,0
DA:12,0
DA:13,0
DA:16,0
DA:17,0
DA:18,0
DA:19,0
DA:20,0
DA:22,0
DA:27,0
DA:28,0
DA:29,0
DA:30,0
DA:31,0
DA:33,0
DA:38,0
DA:39,0
DA:40,0
DA:41,0
DA:43,0
DA:49,0
DA:51,0
DA:56,0
DA:57,0
DA:58,0
DA:59,0
DA:61,0
DA:62,0
DA:64,0
DA:69,0
DA:70,0
DA:71,0
DA:72,0
DA:73,0
DA:75,0
DA:80,0
DA:81,0
DA:82,0
DA:83,0
DA:84,0
DA:86,0
DA:91,0
DA:92,0
DA:93,0
DA:96,0
DA:97,0
DA:98,0
DA:101,0
DA:103,0
DA:104,0
DA:106,0
DA:109,0
DA:110,0
DA:112,0
DA:117,0
DA:118,0
DA:119,0
DA:124,0
DA:127,0
LF:60
LH:0
BRDA:101,0,0,0
BRDA:101,0,1,0
BRDA:118,1,0,0
BRDA:118,1,1,0
BRDA:120,2,0,0
BRDA:120,2,1,0
BRF:6
BRH:0
end_of_record
TN:
SF:routes\categories.js
FN:10,(anonymous_0)
FN:31,(anonymous_1)
FNF:2
FNH:0
FNDA:0,(anonymous_0)
FNDA:0,(anonymous_1)
DA:5,0
DA:6,0
DA:7,0
DA:10,0
DA:11,0
DA:12,0
DA:22,0
DA:24,0
DA:26,0
DA:31,0
DA:32,0
DA:33,0
DA:34,0
DA:37,0
DA:40,0
DA:42,0
DA:43,0
DA:49,0
DA:52,0
DA:58,0
DA:65,0
DA:70,0
DA:71,0
DA:73,0
DA:87,0
DA:91,0
LF:26
LH:0
BRDA:34,0,0,0
BRDA:34,1,0,0
BRDA:42,2,0,0
BRDA:42,2,1,0
BRF:4
BRH:0
end_of_record
TN:
SF:routes\orders.js
FN:10,(anonymous_0)
FN:78,(anonymous_1)
FN:152,(anonymous_2)
FN:188,(anonymous_3)
FNF:4
FNH:0
FNDA:0,(anonymous_0)
FNDA:0,(anonymous_1)
FNDA:0,(anonymous_2)
FNDA:0,(anonymous_3)
DA:5,0
DA:6,0
DA:7,0
DA:10,0
DA:11,0
DA:13,0
DA:19,0
DA:21,0
DA:22,0
DA:28,0
DA:31,0
DA:32,0
DA:34,0
DA:35,0
DA:36,0
DA:42,0
DA:45,0
DA:55,0
DA:57,0
DA:58,0
DA:59,0
DA:66,0
DA:67,0
DA:68,0
DA:69,0
DA:77,0
DA:78,0
DA:81,0
DA:82,0
DA:83,0
DA:86,0
DA:94,0
DA:105,0
DA:108,0
DA:110,0
DA:117,0
DA:128,0
DA:133,0
DA:137,0
DA:138,0
DA:140,0
DA:142,0
DA:144,0
DA:145,0
DA:147,0
DA:152,0
DA:153,0
DA:154,0
DA:157,0
DA:158,0
DA:160,0
DA:161,0
DA:167,0
DA:170,0
DA:174,0
DA:176,0
DA:183,0
DA:188,0
DA:189,0
DA:190,0
DA:192,0
DA:193,0
DA:199,0
DA:204,0
DA:206,0
DA:210,0
DA:214,0
LF:67
LH:0
BRDA:21,0,0,0
BRDA:21,0,1,0
BRDA:21,1,0,0
BRDA:21,1,1,0
BRDA:34,2,0,0
BRDA:34,2,1,0
BRDA:57,3,0,0
BRDA:57,3,1,0
BRDA:67,4,0,0
BRDA:67,4,1,0
BRDA:95,5,0,0
BRDA:95,5,1,0
BRDA:102,6,0,0
BRDA:102,6,1,0
BRDA:160,7,0,0
BRDA:160,7,1,0
BRDA:192,8,0,0
BRDA:192,8,1,0
BRF:18
BRH:0
end_of_record
TN:
SF:routes\products.js
FN:11,(anonymous_0)
FN:131,(anonymous_1)
FNF:2
FNH:0
FNDA:0,(anonymous_0)
FNDA:0,(anonymous_1)
DA:5,0
DA:6,0
DA:7,0
DA:11,0
DA:12,0
DA:20,0
DA:22,0
DA:32,0
DA:33,0
DA:36,0
DA:37,0
DA:38,0
DA:39,0
DA:43,0
DA:44,0
DA:45,0
DA:46,0
DA:49,0
DA:50,0
DA:51,0
DA:52,0
DA:56,0
DA:57,0
DA:62,0
DA:63,0
DA:67,0
DA:70,0
DA:71,0
DA:73,0
DA:76,0
DA:83,0
DA:84,0
DA:86,0
DA:87,0
DA:88,0
DA:89,0
DA:92,0
DA:93,0
DA:94,0
DA:95,0
DA:98,0
DA:99,0
DA:100,0
DA:101,0
DA:104,0
DA:105,0
DA:110,0
DA:113,0
DA:114,0
DA:116,0
DA:126,0
DA:131,0
DA:132,0
DA:133,0
DA:135,0
DA:145,0
DA:147,0
DA:148,0
DA:154,0
DA:156,0
DA:160,0
LF:61
LH:0
BRDA:18,0,0,0
BRDA:19,1,0,0
BRDA:36,2,0,0
BRDA:36,2,1,0
BRDA:43,3,0,0
BRDA:43,3,1,0
BRDA:49,4,0,0
BRDA:49,4,1,0
BRDA:56,5,0,0
BRDA:56,5,1,0
BRDA:86,6,0,0
BRDA:86,6,1,0
BRDA:92,7,0,0
BRDA:92,7,1,0
BRDA:98,8,0,0
BRDA:98,8,1,0
BRDA:104,9,0,0
BRDA:104,9,1,0
BRDA:147,10,0,0
BRDA:147,10,1,0
BRF:20
BRH:0
end_of_record
TN:
SF:services\CartService.js
FN:14,(anonymous_0)
FN:31,(anonymous_1)
FN:50,(anonymous_2)
FN:97,(anonymous_3)
FN:178,(anonymous_4)
FN:232,(anonymous_5)
FN:266,(anonymous_6)
FN:290,(anonymous_7)
FNF:8
FNH:8
FNDA:2,(anonymous_0)
FNDA:5,(anonymous_1)
FNDA:11,(anonymous_2)
FNDA:4,(anonymous_3)
FNDA:3,(anonymous_4)
FNDA:2,(anonymous_5)
FNDA:1,(anonymous_6)
FNDA:1,(anonymous_7)
DA:4,1
DA:5,1
DA:15,2
DA:20,2
DA:21,2
DA:22,2
DA:32,5
DA:33,5
DA:35,5
DA:36,2
DA:37,2
DA:38,2
DA:41,3
DA:42,3
DA:51,11
DA:52,11
DA:54,11
DA:55,0
DA:56,0
DA:57,0
DA:60,11
DA:63,11
DA:79,11
DA:82,11
DA:84,11
DA:99,4
DA:100,4
DA:102,4
DA:103,0
DA:104,0
DA:105,0
DA:108,4
DA:112,4
DA:113,2
DA:114,2
DA:115,2
DA:116,2
DA:117,2
DA:119,0
DA:120,0
DA:121,0
DA:124,4
DA:126,4
DA:127,1
DA:128,1
DA:129,1
DA:132,3
DA:135,3
DA:136,1
DA:137,1
DA:138,1
DA:142,2
DA:146,2
DA:148,2
DA:150,1
DA:151,1
DA:157,1
DA:160,1
DA:165,1
DA:168,2
DA:179,3
DA:180,3
DA:182,3
DA:183,0
DA:184,0
DA:185,0
DA:188,3
DA:191,3
DA:197,3
DA:199,3
DA:200,1
DA:201,1
DA:202,1
DA:205,2
DA:208,2
DA:209,1
DA:210,1
DA:211,1
DA:215,1
DA:221,1
DA:223,1
DA:233,2
DA:234,2
DA:236,2
DA:237,0
DA:238,0
DA:239,0
DA:242,2
DA:245,2
DA:250,2
DA:252,2
DA:253,1
DA:254,1
DA:255,1
DA:258,1
DA:267,1
DA:268,1
DA:270,1
DA:271,0
DA:272,0
DA:273,0
DA:276,1
DA:278,1
DA:279,1
DA:281,1
DA:292,1
DA:293,1
DA:296,1
DA:297,1
DA:301,1
DA:306,1
DA:308,0
DA:309,0
DA:314,0
DA:317,1
DA:321,1
DA:331,1
DA:332,1
DA:334,1
DA:338,1
LF:120
LH:99
BRDA:14,0,0,0
BRDA:14,1,0,0
BRDA:35,2,0,2
BRDA:35,2,1,3
BRDA:54,3,0,0
BRDA:54,3,1,11
BRDA:97,4,0,1
BRDA:102,5,0,0
BRDA:102,5,1,4
BRDA:112,6,0,2
BRDA:112,6,1,2
BRDA:115,7,0,2
BRDA:115,7,1,0
BRDA:126,8,0,1
BRDA:126,8,1,3
BRDA:135,9,0,1
BRDA:135,9,1,2
BRDA:148,10,0,1
BRDA:148,10,1,1
BRDA:182,11,0,0
BRDA:182,11,1,3
BRDA:199,12,0,1
BRDA:199,12,1,2
BRDA:208,13,0,1
BRDA:208,13,1,1
BRDA:236,14,0,0
BRDA:236,14,1,2
BRDA:252,15,0,1
BRDA:252,15,1,1
BRDA:270,16,0,0
BRDA:270,16,1,1
BRDA:306,17,0,0
BRDA:306,17,1,1
BRF:33
BRH:24
end_of_record
TN:
SF:services\cartCalculator.js
FN:15,calculateCartTotals
FN:36,calculateItemsTotals
FN:37,(anonymous_2)
FN:52,calculateShipping
FNF:4
FNH:4
FNDA:4,calculateCartTotals
FNDA:3,calculateItemsTotals
FNDA:4,(anonymous_2)
FNDA:7,calculateShipping
DA:5,2
DA:8,2
DA:16,4
DA:23,4
DA:24,4
DA:25,4
DA:26,4
DA:28,4
DA:37,3
DA:38,4
DA:41,3
DA:42,3
DA:44,3
DA:54,7
DA:57,2
LF:15
LH:15
BRDA:8,0,0,2
BRDA:8,0,1,0
BRDA:24,1,0,4
BRDA:24,1,1,1
BRDA:54,2,0,4
BRDA:54,2,1,3
BRF:6
BRH:5
end_of_record
